#
# There is insufficient memory for the Java Runtime Environment to continue.
# Native memory allocation (malloc) failed to allocate 440192 bytes. Error detail: Chunk::new
# Possible reasons:
#   The system is out of physical RAM or swap space
#   This process is running with CompressedOops enabled, and the Java Heap may be blocking the growth of the native heap
# Possible solutions:
#   Reduce memory load on the system
#   Increase physical memory or swap space
#   Check if swap backing store is full
#   Decrease Java heap size (-Xmx/-Xms)
#   Decrease number of Java threads
#   Decrease Java thread stack sizes (-Xss)
#   Set larger code cache with -XX:ReservedCodeCacheSize=
#   JVM is running with Zero Based Compressed Oops mode in which the Java heap is
#     placed in the first 32GB address space. The Java Heap base address is the
#     maximum limit for the native heap growth. Please use -XX:HeapBaseMinAddress
#     to set the Java Heap base and to place the Java Heap above 32GB virtual address.
# This output file may be truncated or incomplete.
#
#  Out of Memory Error (arena.cpp:168), pid=9652, tid=20424
#
# JRE version: OpenJDK Runtime Environment Temurin-21.0.10+7 (21.0.10+7) (build 21.0.10+7-LTS)
# Java VM: OpenJDK 64-Bit Server VM Temurin-21.0.10+7 (21.0.10+7-LTS, mixed mode, sharing, tiered, compressed oops, compressed class ptrs, g1 gc, windows-amd64)
# No core dump will be written. Minidumps are not enabled by default on client versions of Windows
#

---------------  S U M M A R Y ------------

Command Line: --add-opens=java.base/java.lang=ALL-UNNAMED --add-opens=java.base/java.lang.invoke=ALL-UNNAMED --add-opens=java.base/java.util=ALL-UNNAMED --add-opens=java.prefs/java.util.prefs=ALL-UNNAMED --add-exports=jdk.compiler/com.sun.tools.javac.api=ALL-UNNAMED --add-exports=jdk.compiler/com.sun.tools.javac.util=ALL-UNNAMED --add-opens=java.base/java.util=ALL-UNNAMED --add-opens=java.prefs/java.util.prefs=ALL-UNNAMED --add-opens=java.base/java.nio.charset=ALL-UNNAMED --add-opens=java.base/java.net=ALL-UNNAMED --add-opens=java.base/java.util.concurrent.atomic=ALL-UNNAMED --add-opens=java.xml/javax.xml.namespace=ALL-UNNAMED -XX:MaxMetaspaceSize=4G -XX:ReservedCodeCacheSize=512m -XX:+HeapDumpOnOutOfMemoryError -Xmx8G -Dfile.encoding=UTF-8 -Duser.country=IN -Duser.language=en -Duser.variant -javaagent:C:\Users\MUKHTAR SAYYED\.gradle\wrapper\dists\gradle-8.14-all\c2qonpi39x1mddn7hk5gh9iqj\gradle-8.14\lib\agents\gradle-instrumentation-agent-8.14.jar org.gradle.launcher.daemon.bootstrap.GradleDaemon 8.14

Host: AMD Ryzen 5 7520U with Radeon Graphics         , 8 cores, 7G,  Windows 11 , 64 bit Build 26100 (10.0.26100.7920)
Time: Sun Mar 29 13:14:27 2026 India Standard Time elapsed time: 56.370771 seconds (0d 0h 0m 56s)

---------------  T H R E A D  ---------------

Current thread (0x000002027a8a8910):  JavaThread "C2 CompilerThread0" daemon [_thread_in_native, id=20424, stack(0x000000f3acc00000,0x000000f3acd00000) (1024K)]


Current CompileTask:
C2:56370 7502   !   4       java.net.URL::<init> (543 bytes)

Stack: [0x000000f3acc00000,0x000000f3acd00000]
Native frames: (J=compiled Java code, j=interpreted, Vv=VM code, C=native code)
V  [jvm.dll+0x6d7a39]
V  [jvm.dll+0x8b4b26]
V  [jvm.dll+0x8b70de]
V  [jvm.dll+0x8b77c3]
V  [jvm.dll+0x284346]
V  [jvm.dll+0xc66ed]
V  [jvm.dll+0xc6c31]
V  [jvm.dll+0x3bec3b]
V  [jvm.dll+0x38b162]
V  [jvm.dll+0x38a5aa]
V  [jvm.dll+0x24c560]
V  [jvm.dll+0x24bb40]
V  [jvm.dll+0x1cb34e]
V  [jvm.dll+0x25b85d]
V  [jvm.dll+0x259dea]
V  [jvm.dll+0x3f857e]
V  [jvm.dll+0x85f59d]
V  [jvm.dll+0x6d626d]
C  [ucrtbase.dll+0x37b0]
C  [KERNEL32.DLL+0x2e8d7]
C  [ntdll.dll+0x8c48c]


---------------  P R O C E S S  ---------------

Threads class SMR info:
_java_thread_list=0x000002027a718b50, length=56, elements={
0x0000020252f91030, 0x000002027a89ed40, 0x000002027a8a04c0, 0x000002027a8a1c40,
0x000002027a8a46b0, 0x000002027a8a7120, 0x000002027a8a7b80, 0x000002027a8a8910,
0x000002027a8b7d30, 0x000002024d24c990, 0x000002024d286470, 0x000002024e51a6c0,
0x000002024d43f680, 0x000002024e7187c0, 0x000002024e99c990, 0x000002024d75cce0,
0x000002024d2eeee0, 0x000002024e57cef0, 0x000002024e57e2a0, 0x000002024e57ae20,
0x000002024e57bb40, 0x000002024e57c1d0, 0x000002024e57c860, 0x000002024e57d580,
0x000002024e57b4b0, 0x000002024e1bc7b0, 0x000002024e1be880, 0x000002024e1bd4d0,
0x000002024e1bef10, 0x000002024e1bc120, 0x000002024e1c02c0, 0x000002024e1bfc30,
0x000002024e1c0fe0, 0x000002024e1c3740, 0x000002024e1c2390, 0x000002024e1c1d00,
0x000002024e1c2a20, 0x000002024e1c30b0, 0x000002027b5b2ff0, 0x000002027b5b2960,
0x000002027b5b5750, 0x000002027b5b22d0, 0x000002027b5b4a30, 0x000002027b5b3680,
0x000002027b5b50c0, 0x000002027b5b5de0, 0x000002027b5b6470, 0x000002027b5b6b00,
0x000002027b5b7190, 0x000002027b5b3d10, 0x000002027b5b7820, 0x000002027b5b43a0,
0x000002027b5b7eb0, 0x000002027b5b8540, 0x000002027b5b8bd0, 0x000002024f0ba7c0
}

Java Threads: ( => current thread )
  0x0000020252f91030 JavaThread "main"                              [_thread_blocked, id=17616, stack(0x000000f3abe00000,0x000000f3abf00000) (1024K)]
  0x000002027a89ed40 JavaThread "Reference Handler"          daemon [_thread_blocked, id=18080, stack(0x000000f3ac600000,0x000000f3ac700000) (1024K)]
  0x000002027a8a04c0 JavaThread "Finalizer"                  daemon [_thread_blocked, id=19980, stack(0x000000f3ac700000,0x000000f3ac800000) (1024K)]
  0x000002027a8a1c40 JavaThread "Signal Dispatcher"          daemon [_thread_blocked, id=14452, stack(0x000000f3ac800000,0x000000f3ac900000) (1024K)]
  0x000002027a8a46b0 JavaThread "Attach Listener"            daemon [_thread_blocked, id=6932, stack(0x000000f3ac900000,0x000000f3aca00000) (1024K)]
  0x000002027a8a7120 JavaThread "Service Thread"             daemon [_thread_blocked, id=5276, stack(0x000000f3aca00000,0x000000f3acb00000) (1024K)]
  0x000002027a8a7b80 JavaThread "Monitor Deflation Thread"   daemon [_thread_blocked, id=1244, stack(0x000000f3acb00000,0x000000f3acc00000) (1024K)]
=>0x000002027a8a8910 JavaThread "C2 CompilerThread0"         daemon [_thread_in_native, id=20424, stack(0x000000f3acc00000,0x000000f3acd00000) (1024K)]
  0x000002027a8b7d30 JavaThread "C1 CompilerThread0"         daemon [_thread_blocked, id=19148, stack(0x000000f3acd00000,0x000000f3ace00000) (1024K)]
  0x000002024d24c990 JavaThread "Common-Cleaner"             daemon [_thread_blocked, id=8608, stack(0x000000f3ace00000,0x000000f3acf00000) (1024K)]
  0x000002024d286470 JavaThread "Notification Thread"        daemon [_thread_blocked, id=7684, stack(0x000000f3acf00000,0x000000f3ad000000) (1024K)]
  0x000002024e51a6c0 JavaThread "Daemon health stats"               [_thread_blocked, id=19296, stack(0x000000f3ad400000,0x000000f3ad500000) (1024K)]
  0x000002024d43f680 JavaThread "Incoming local TCP Connector on port 60448"        [_thread_in_native, id=11256, stack(0x000000f3ad800000,0x000000f3ad900000) (1024K)]
  0x000002024e7187c0 JavaThread "Daemon periodic checks"            [_thread_blocked, id=20204, stack(0x000000f3ad900000,0x000000f3ada00000) (1024K)]
  0x000002024e99c990 JavaThread "Daemon"                            [_thread_blocked, id=22140, stack(0x000000f3ada00000,0x000000f3adb00000) (1024K)]
  0x000002024d75cce0 JavaThread "Handler for socket connection from /127.0.0.1:60448 to /127.0.0.1:60458"        [_thread_in_native, id=10668, stack(0x000000f3adb00000,0x000000f3adc00000) (1024K)]
  0x000002024d2eeee0 JavaThread "Cancel handler"                    [_thread_blocked, id=6892, stack(0x000000f3adc00000,0x000000f3add00000) (1024K)]
  0x000002024e57cef0 JavaThread "Daemon worker"                     [_thread_in_Java, id=17788, stack(0x000000f3add00000,0x000000f3ade00000) (1024K)]
  0x000002024e57e2a0 JavaThread "Asynchronous log dispatcher for DefaultDaemonConnection: socket connection from /127.0.0.1:60448 to /127.0.0.1:60458"        [_thread_blocked, id=19472, stack(0x000000f3ade00000,0x000000f3adf00000) (1024K)]
  0x000002024e57ae20 JavaThread "Stdin handler"                     [_thread_blocked, id=19284, stack(0x000000f3adf00000,0x000000f3ae000000) (1024K)]
  0x000002024e57bb40 JavaThread "Daemon client event forwarder"        [_thread_blocked, id=21196, stack(0x000000f3ae000000,0x000000f3ae100000) (1024K)]
  0x000002024e57c1d0 JavaThread "Cache worker for journal cache (C:\Users\MUKHTAR SAYYED\.gradle\caches\journal-1)"        [_thread_blocked, id=18780, stack(0x000000f3ae100000,0x000000f3ae200000) (1024K)]
  0x000002024e57c860 JavaThread "File lock request listener"        [_thread_in_native, id=12572, stack(0x000000f3ae200000,0x000000f3ae300000) (1024K)]
  0x000002024e57d580 JavaThread "Cache worker for file hash cache (C:\Users\MUKHTAR SAYYED\.gradle\caches\8.14\fileHashes)"        [_thread_blocked, id=7400, stack(0x000000f3ae300000,0x000000f3ae400000) (1024K)]
  0x000002024e57b4b0 JavaThread "Cache worker for file hash cache (C:\Users\MUKHTAR SAYYED\Desktop\Cash_IO\mobile_app\android\.gradle\8.14\fileHashes)"        [_thread_blocked, id=15376, stack(0x000000f3ae500000,0x000000f3ae600000) (1024K)]
  0x000002024e1bc7b0 JavaThread "Cache worker for Build Output Cleanup Cache (C:\Users\MUKHTAR SAYYED\Desktop\Cash_IO\mobile_app\android\.gradle\buildOutputCleanup)"        [_thread_blocked, id=21584, stack(0x000000f3ae600000,0x000000f3ae700000) (1024K)]
  0x000002024e1be880 JavaThread "File watcher server"        daemon [_thread_in_native, id=16024, stack(0x000000f3ae700000,0x000000f3ae800000) (1024K)]
  0x000002024e1bd4d0 JavaThread "File watcher consumer"      daemon [_thread_blocked, id=17440, stack(0x000000f3ae800000,0x000000f3ae900000) (1024K)]
  0x000002024e1bef10 JavaThread "Cache worker for checksums cache (C:\Users\MUKHTAR SAYYED\Desktop\Cash_IO\mobile_app\android\.gradle\8.14\checksums)"        [_thread_blocked, id=21080, stack(0x000000f3ae900000,0x000000f3aea00000) (1024K)]
  0x000002024e1bc120 JavaThread "Cache worker for file content cache (C:\Users\MUKHTAR SAYYED\.gradle\caches\8.14\fileContent)"        [_thread_blocked, id=17908, stack(0x000000f3aea00000,0x000000f3aeb00000) (1024K)]
  0x000002024e1c02c0 JavaThread "Cache worker for cache directory md-supplier (C:\Users\MUKHTAR SAYYED\.gradle\caches\8.14\md-supplier)"        [_thread_blocked, id=20104, stack(0x000000f3aeb00000,0x000000f3aec00000) (1024K)]
  0x000002024e1bfc30 JavaThread "Cache worker for cache directory md-rule (C:\Users\MUKHTAR SAYYED\.gradle\caches\8.14\md-rule)"        [_thread_blocked, id=8536, stack(0x000000f3aec00000,0x000000f3aed00000) (1024K)]
  0x000002024e1c0fe0 JavaThread "Cache worker for Build Output Cleanup Cache (C:\Users\MUKHTAR SAYYED\flutter\packages\flutter_tools\gradle\.gradle\buildOutputCleanup)"        [_thread_blocked, id=19692, stack(0x000000f3aed00000,0x000000f3aee00000) (1024K)]
  0x000002024e1c3740 JavaThread "Unconstrained build operations"        [_thread_blocked, id=20208, stack(0x000000f3aee00000,0x000000f3aef00000) (1024K)]
  0x000002024e1c2390 JavaThread "Unconstrained build operations Thread 2"        [_thread_blocked, id=23312, stack(0x000000f3aef00000,0x000000f3af000000) (1024K)]
  0x000002024e1c1d00 JavaThread "Unconstrained build operations Thread 3"        [_thread_blocked, id=11916, stack(0x000000f3af000000,0x000000f3af100000) (1024K)]
  0x000002024e1c2a20 JavaThread "Unconstrained build operations Thread 4"        [_thread_blocked, id=20796, stack(0x000000f3af100000,0x000000f3af200000) (1024K)]
  0x000002024e1c30b0 JavaThread "Unconstrained build operations Thread 5"        [_thread_blocked, id=12820, stack(0x000000f3af200000,0x000000f3af300000) (1024K)]
  0x000002027b5b2ff0 JavaThread "Unconstrained build operations Thread 6"        [_thread_blocked, id=17180, stack(0x000000f3af300000,0x000000f3af400000) (1024K)]
  0x000002027b5b2960 JavaThread "Unconstrained build operations Thread 7"        [_thread_blocked, id=4912, stack(0x000000f3af400000,0x000000f3af500000) (1024K)]
  0x000002027b5b5750 JavaThread "Unconstrained build operations Thread 8"        [_thread_blocked, id=2052, stack(0x000000f3af500000,0x000000f3af600000) (1024K)]
  0x000002027b5b22d0 JavaThread "Unconstrained build operations Thread 9"        [_thread_blocked, id=21060, stack(0x000000f3af600000,0x000000f3af700000) (1024K)]
  0x000002027b5b4a30 JavaThread "Unconstrained build operations Thread 10"        [_thread_blocked, id=18008, stack(0x000000f3af700000,0x000000f3af800000) (1024K)]
  0x000002027b5b3680 JavaThread "Unconstrained build operations Thread 11"        [_thread_blocked, id=17200, stack(0x000000f3af800000,0x000000f3af900000) (1024K)]
  0x000002027b5b50c0 JavaThread "Unconstrained build operations Thread 12"        [_thread_blocked, id=22504, stack(0x000000f3af900000,0x000000f3afa00000) (1024K)]
  0x000002027b5b5de0 JavaThread "Unconstrained build operations Thread 13"        [_thread_blocked, id=15508, stack(0x000000f3afa00000,0x000000f3afb00000) (1024K)]
  0x000002027b5b6470 JavaThread "Unconstrained build operations Thread 14"        [_thread_blocked, id=22500, stack(0x000000f3afb00000,0x000000f3afc00000) (1024K)]
  0x000002027b5b6b00 JavaThread "Unconstrained build operations Thread 15"        [_thread_blocked, id=5188, stack(0x000000f3afc00000,0x000000f3afd00000) (1024K)]
  0x000002027b5b7190 JavaThread "Unconstrained build operations Thread 16"        [_thread_blocked, id=18848, stack(0x000000f3afd00000,0x000000f3afe00000) (1024K)]
  0x000002027b5b3d10 JavaThread "Unconstrained build operations Thread 17"        [_thread_blocked, id=23116, stack(0x000000f3afe00000,0x000000f3aff00000) (1024K)]
  0x000002027b5b7820 JavaThread "Unconstrained build operations Thread 18"        [_thread_blocked, id=8048, stack(0x000000f3aff00000,0x000000f3b0000000) (1024K)]
  0x000002027b5b43a0 JavaThread "Unconstrained build operations Thread 19"        [_thread_blocked, id=23320, stack(0x000000f3b0000000,0x000000f3b0100000) (1024K)]
  0x000002027b5b7eb0 JavaThread "Unconstrained build operations Thread 20"        [_thread_blocked, id=8380, stack(0x000000f3b0100000,0x000000f3b0200000) (1024K)]
  0x000002027b5b8540 JavaThread "Unconstrained build operations Thread 21"        [_thread_blocked, id=20216, stack(0x000000f3b0200000,0x000000f3b0300000) (1024K)]
  0x000002027b5b8bd0 JavaThread "Memory manager"                    [_thread_blocked, id=4856, stack(0x000000f3b0300000,0x000000f3b0400000) (1024K)]
  0x000002024f0ba7c0 JavaThread "build event listener"              [_thread_blocked, id=23332, stack(0x000000f3b0500000,0x000000f3b0600000) (1024K)]
Total: 56

Other Threads:
  0x000002027a8846a0 VMThread "VM Thread"                           [id=19264, stack(0x000000f3ac500000,0x000000f3ac600000) (1024K)]
  0x000002027a876350 WatcherThread "VM Periodic Task Thread"        [id=11944, stack(0x000000f3ac400000,0x000000f3ac500000) (1024K)]
  0x000002025303acd0 WorkerThread "GC Thread#0"                     [id=6140, stack(0x000000f3abf00000,0x000000f3ac000000) (1024K)]
  0x000002024d35ce90 WorkerThread "GC Thread#1"                     [id=19336, stack(0x000000f3ad000000,0x000000f3ad100000) (1024K)]
  0x000002024d3c5390 WorkerThread "GC Thread#2"                     [id=23416, stack(0x000000f3ad100000,0x000000f3ad200000) (1024K)]
  0x000002024df00c00 WorkerThread "GC Thread#3"                     [id=12668, stack(0x000000f3ad200000,0x000000f3ad300000) (1024K)]
  0x000002024df00fb0 WorkerThread "GC Thread#4"                     [id=312, stack(0x000000f3ad300000,0x000000f3ad400000) (1024K)]
  0x000002024e69d790 WorkerThread "GC Thread#5"                     [id=8724, stack(0x000000f3ad500000,0x000000f3ad600000) (1024K)]
  0x000002024d096140 WorkerThread "GC Thread#6"                     [id=19484, stack(0x000000f3ad600000,0x000000f3ad700000) (1024K)]
  0x000002024d05d750 WorkerThread "GC Thread#7"                     [id=14608, stack(0x000000f3ad700000,0x000000f3ad800000) (1024K)]
  0x000002025304bbd0 ConcurrentGCThread "G1 Main Marker"            [id=14628, stack(0x000000f3ac000000,0x000000f3ac100000) (1024K)]
  0x000002025304ce00 WorkerThread "G1 Conc#0"                       [id=13880, stack(0x000000f3ac100000,0x000000f3ac200000) (1024K)]
  0x000002024e563510 WorkerThread "G1 Conc#1"                       [id=7292, stack(0x000000f3ae400000,0x000000f3ae500000) (1024K)]
  0x000002027a73fa10 ConcurrentGCThread "G1 Refine#0"               [id=21316, stack(0x000000f3ac200000,0x000000f3ac300000) (1024K)]
  0x000002027a7403a0 ConcurrentGCThread "G1 Service"                [id=2204, stack(0x000000f3ac300000,0x000000f3ac400000) (1024K)]
Total: 15

Threads with active compile tasks:
C2 CompilerThread0  56423 7502   !   4       java.net.URL::<init> (543 bytes)
Total: 1

VM state: not at safepoint (normal execution)

VM Mutex/Monitor currently owned by a thread: None

Heap address: 0x0000000600000000, size: 8192 MB, Compressed Oops mode: Zero based, Oop shift amount: 3

CDS archive(s) mapped at: [0x0000020208000000-0x0000020208ba0000-0x0000020208ba0000), size 12189696, SharedBaseAddress: 0x0000020208000000, ArchiveRelocationMode: 1.
Compressed class space mapped at: 0x0000020209000000-0x0000020249000000, reserved size: 1073741824
Narrow klass base: 0x0000020208000000, Narrow klass shift: 0, Narrow klass range: 0x100000000

GC Precious Log:
 CardTable entry size: 512
 Card Set container configuration: InlinePtr #cards 4 size 8 Array Of Cards #cards 32 size 80 Howl #buckets 8 coarsen threshold 7372 Howl Bitmap #cards 1024 size 144 coarsen threshold 921 Card regions per heap region 1 cards per card region 8192
 CPUs: 8 total, 8 available
 Memory: 7418M
 Large Page Support: Disabled
 NUMA Support: Disabled
 Compressed Oops: Enabled (Zero based)
 Heap Region Size: 4M
 Heap Min Capacity: 8M
 Heap Initial Capacity: 116M
 Heap Max Capacity: 8G
 Pre-touch: Disabled
 Parallel Workers: 8
 Concurrent Workers: 2
 Concurrent Refinement Workers: 8
 Periodic GC: Disabled

Heap:
 garbage-first heap   total 110592K, used 66301K [0x0000000600000000, 0x0000000800000000)
  region size 4096K, 4 young (16384K), 1 survivors (4096K)
 Metaspace       used 62158K, committed 64128K, reserved 1114112K
  class space    used 9131K, committed 10112K, reserved 1048576K

Heap Regions: E=young(eden), S=young(survivor), O=old, HS=humongous(starts), HC=humongous(continues), CS=collection set, F=free, TAMS=top-at-mark-start, PB=parsable bottom
|   0|0x0000000600000000, 0x0000000600400000, 0x0000000600400000|100%|HS|  |TAMS 0x0000000600000000| PB 0x0000000600000000| Complete 
|   1|0x0000000600400000, 0x0000000600800000, 0x0000000600800000|100%| O|  |TAMS 0x0000000600400000| PB 0x0000000600400000| Untracked 
|   2|0x0000000600800000, 0x0000000600c00000, 0x0000000600c00000|100%| O|  |TAMS 0x0000000600800000| PB 0x0000000600800000| Untracked 
|   3|0x0000000600c00000, 0x0000000601000000, 0x0000000601000000|100%| O|  |TAMS 0x0000000600c00000| PB 0x0000000600c00000| Untracked 
|   4|0x0000000601000000, 0x0000000601400000, 0x0000000601400000|100%| O|  |TAMS 0x0000000601000000| PB 0x0000000601000000| Untracked 
|   5|0x0000000601400000, 0x0000000601800000, 0x0000000601800000|100%| O|Cm|TAMS 0x0000000601400000| PB 0x0000000601400000| Complete 
|   6|0x0000000601800000, 0x0000000601c00000, 0x0000000601c00000|100%|HS|  |TAMS 0x0000000601800000| PB 0x0000000601800000| Complete 
|   7|0x0000000601c00000, 0x0000000602000000, 0x0000000602000000|100%| O|  |TAMS 0x0000000601c00000| PB 0x0000000601c00000| Untracked 
|   8|0x0000000602000000, 0x0000000602400000, 0x0000000602400000|100%| O|  |TAMS 0x0000000602000000| PB 0x0000000602000000| Untracked 
|   9|0x0000000602400000, 0x0000000602800000, 0x0000000602800000|100%| O|  |TAMS 0x0000000602400000| PB 0x0000000602400000| Untracked 
|  10|0x0000000602800000, 0x0000000602c00000, 0x0000000602c00000|100%| O|  |TAMS 0x0000000602800000| PB 0x0000000602800000| Untracked 
|  11|0x0000000602c00000, 0x0000000602c00000, 0x0000000603000000|  0%| F|  |TAMS 0x0000000602c00000| PB 0x0000000602c00000| Untracked 
|  12|0x0000000603000000, 0x0000000603400000, 0x0000000603400000|100%| O|  |TAMS 0x0000000603000000| PB 0x0000000603000000| Untracked 
|  13|0x0000000603400000, 0x00000006035af120, 0x0000000603800000| 42%| O|  |TAMS 0x0000000603400000| PB 0x0000000603400000| Untracked 
|  14|0x0000000603800000, 0x0000000603800000, 0x0000000603c00000|  0%| F|  |TAMS 0x0000000603800000| PB 0x0000000603800000| Untracked 
|  15|0x0000000603c00000, 0x0000000603f10388, 0x0000000604000000| 76%| S|CS|TAMS 0x0000000603c00000| PB 0x0000000603c00000| Complete 
|  16|0x0000000604000000, 0x0000000604000000, 0x0000000604400000|  0%| F|  |TAMS 0x0000000604000000| PB 0x0000000604000000| Untracked 
|  17|0x0000000604400000, 0x0000000604400000, 0x0000000604800000|  0%| F|  |TAMS 0x0000000604400000| PB 0x0000000604400000| Untracked 
|  18|0x0000000604800000, 0x0000000604800000, 0x0000000604c00000|  0%| F|  |TAMS 0x0000000604800000| PB 0x0000000604800000| Untracked 
|  19|0x0000000604c00000, 0x0000000604c00000, 0x0000000605000000|  0%| F|  |TAMS 0x0000000604c00000| PB 0x0000000604c00000| Untracked 
|  20|0x0000000605000000, 0x0000000605000000, 0x0000000605400000|  0%| F|  |TAMS 0x0000000605000000| PB 0x0000000605000000| Untracked 
|  21|0x0000000605400000, 0x0000000605400000, 0x0000000605800000|  0%| F|  |TAMS 0x0000000605400000| PB 0x0000000605400000| Untracked 
|  22|0x0000000605800000, 0x0000000605800000, 0x0000000605c00000|  0%| F|  |TAMS 0x0000000605800000| PB 0x0000000605800000| Untracked 
|  23|0x0000000605c00000, 0x0000000605eaa5e0, 0x0000000606000000| 66%| E|  |TAMS 0x0000000605c00000| PB 0x0000000605c00000| Complete 
|  24|0x0000000606000000, 0x0000000606400000, 0x0000000606400000|100%| E|CS|TAMS 0x0000000606000000| PB 0x0000000606000000| Complete 
|  28|0x0000000607000000, 0x0000000607400000, 0x0000000607400000|100%| E|CS|TAMS 0x0000000607000000| PB 0x0000000607000000| Complete 
|2047|0x00000007ffc00000, 0x0000000800000000, 0x0000000800000000|100%| O|  |TAMS 0x00000007ffc00000| PB 0x00000007ffc00000| Untracked 

Card table byte_map: [0x00000202776f0000,0x00000202786f0000] _byte_map_base: 0x00000202746f0000

Marking Bits: (CMBitMap*) 0x000002025303b2f0
 Bits: [0x0000020200000000, 0x0000020208000000)

Polling page: 0x0000020251070000

Metaspace:

Usage:
  Non-class:     51.78 MB used.
      Class:      8.92 MB used.
       Both:     60.70 MB used.

Virtual space:
  Non-class space:       64.00 MB reserved,      52.75 MB ( 82%) committed,  1 nodes.
      Class space:        1.00 GB reserved,       9.88 MB ( <1%) committed,  1 nodes.
             Both:        1.06 GB reserved,      62.62 MB (  6%) committed. 

Chunk freelists:
   Non-Class:  10.59 MB
       Class:  6.05 MB
        Both:  16.64 MB

MaxMetaspaceSize: 4.00 GB
CompressedClassSpaceSize: 1.00 GB
Initial GC threshold: 21.00 MB
Current GC threshold: 98.69 MB
CDS: on
 - commit_granule_bytes: 65536.
 - commit_granule_words: 8192.
 - virtual_space_node_default_size: 8388608.
 - enlarge_chunks_in_place: 1.
 - use_allocation_guard: 0.


Internal statistics:

num_allocs_failed_limit: 12.
num_arena_births: 3560.
num_arena_deaths: 0.
num_vsnodes_births: 2.
num_vsnodes_deaths: 0.
num_space_committed: 1002.
num_space_uncommitted: 0.
num_chunks_returned_to_freelist: 12.
num_chunks_taken_from_freelist: 6567.
num_chunk_merges: 6.
num_chunk_splits: 4224.
num_chunks_enlarged: 2561.
num_inconsistent_stats: 0.

CodeHeap 'non-profiled nmethods': size=259264Kb used=3965Kb max_used=4038Kb free=255298Kb
 bounds [0x0000020266460000, 0x0000020266860000, 0x0000020276190000]
CodeHeap 'profiled nmethods': size=259264Kb used=12761Kb max_used=12761Kb free=246502Kb
 bounds [0x0000020256190000, 0x0000020256e10000, 0x0000020265ec0000]
CodeHeap 'non-nmethods': size=5760Kb used=1916Kb max_used=1962Kb free=3843Kb
 bounds [0x0000020265ec0000, 0x0000020266130000, 0x0000020266460000]
CodeCache: size=524288Kb, used=18642Kb, max_used=18761Kb, free=505643Kb
 total_blobs=7543, nmethods=6759, adapters=688, full_count=0
Compilation: enabled, stopped_count=0, restarted_count=0

Compilation events (20 events):
Event: 54.106 Thread 0x000002027a8b7d30 7496       3       java.util.TreeMap$EntrySet::iterator (19 bytes)
Event: 54.106 Thread 0x000002027a8b7d30 nmethod 7496 0x0000020256df9c90 code [0x0000020256df9e60, 0x0000020256dfa330]
Event: 54.106 Thread 0x000002027a8b7d30 7497       3       java.util.TreeMap$EntryIterator::<init> (7 bytes)
Event: 54.107 Thread 0x000002027a8b7d30 nmethod 7497 0x0000020256dfa510 code [0x0000020256dfa6c0, 0x0000020256dfa990]
Event: 54.111 Thread 0x000002027a8b7d30 7498       3       jdk.internal.reflect.MethodHandleFieldAccessorImpl::isStatic (16 bytes)
Event: 54.111 Thread 0x000002027a8b7d30 nmethod 7498 0x0000020256dfaa90 code [0x0000020256dfac20, 0x0000020256dfad88]
Event: 54.121 Thread 0x000002027a8b7d30 7499       3       kotlin.reflect.jvm.internal.CachesKt::getOrCreateKotlinClass (23 bytes)
Event: 54.121 Thread 0x000002027a8b7d30 nmethod 7499 0x0000020256dfae10 code [0x0000020256dfb0a0, 0x0000020256dfbb88]
Event: 54.258 Thread 0x000002027a8a8910 nmethod 7357 0x00000202665db110 code [0x00000202665dbac0, 0x00000202665e37a0]
Event: 54.326 Thread 0x000002027a8b7d30 7500       3       kotlin.jvm.internal.Reflection::getOrCreateKotlinClass (8 bytes)
Event: 54.327 Thread 0x000002027a8b7d30 nmethod 7500 0x0000020256dfbf90 code [0x0000020256dfc240, 0x0000020256dfce10]
Event: 54.327 Thread 0x000002027a8b7d30 7501       3       kotlin.reflect.jvm.internal.ReflectionFactoryImpl::getOrCreateKotlinClass (5 bytes)
Event: 54.328 Thread 0x000002027a8b7d30 nmethod 7501 0x0000020256dfd210 code [0x0000020256dfd4c0, 0x0000020256dfe038]
Event: 54.334 Thread 0x000002027a8a8910 7502   !   4       java.net.URL::<init> (543 bytes)
Event: 54.343 Thread 0x000002027a8b7d30 7503       3       java.lang.Class::getCanonicalName (46 bytes)
Event: 54.343 Thread 0x000002027a8b7d30 nmethod 7503 0x0000020256dfe490 code [0x0000020256dfe680, 0x0000020256dfe9a0]
Event: 54.409 Thread 0x000002027a8b7d30 7504       3       sun.management.spi.PlatformMBeanProvider$PlatformComponent$$Lambda/0x0000020209077818::test (9 bytes)
Event: 54.409 Thread 0x000002027a8b7d30 nmethod 7504 0x0000020256dfea90 code [0x0000020256dfec40, 0x0000020256dfed88]
Event: 54.409 Thread 0x000002027a8b7d30 7505       3       sun.management.spi.PlatformMBeanProvider$PlatformComponent$$Lambda/0x0000020209077a70::apply (9 bytes)
Event: 54.409 Thread 0x000002027a8b7d30 nmethod 7505 0x0000020256dfee10 code [0x0000020256dfefe0, 0x0000020256dff2e8]

GC Heap History (20 events):
Event: 21.096 GC heap before
{Heap before GC invocations=6 (full 0):
 garbage-first heap   total 98304K, used 85620K [0x0000000600000000, 0x0000000800000000)
  region size 4096K, 17 young (69632K), 2 survivors (8192K)
 Metaspace       used 31034K, committed 31936K, reserved 1114112K
  class space    used 4486K, committed 4928K, reserved 1048576K
}
Event: 21.109 GC heap after
{Heap after GC invocations=7 (full 0):
 garbage-first heap   total 102400K, used 29093K [0x0000000600000000, 0x0000000800000000)
  region size 4096K, 3 young (12288K), 3 survivors (12288K)
 Metaspace       used 31034K, committed 31936K, reserved 1114112K
  class space    used 4486K, committed 4928K, reserved 1048576K
}
Event: 22.938 GC heap before
{Heap before GC invocations=7 (full 0):
 garbage-first heap   total 102400K, used 78245K [0x0000000600000000, 0x0000000800000000)
  region size 4096K, 15 young (61440K), 3 survivors (12288K)
 Metaspace       used 34448K, committed 35456K, reserved 1114112K
  class space    used 4821K, committed 5312K, reserved 1048576K
}
Event: 22.954 GC heap after
{Heap after GC invocations=8 (full 0):
 garbage-first heap   total 102400K, used 32253K [0x0000000600000000, 0x0000000800000000)
  region size 4096K, 1 young (4096K), 1 survivors (4096K)
 Metaspace       used 34448K, committed 35456K, reserved 1114112K
  class space    used 4821K, committed 5312K, reserved 1048576K
}
Event: 23.353 GC heap before
{Heap before GC invocations=8 (full 0):
 garbage-first heap   total 102400K, used 48637K [0x0000000600000000, 0x0000000800000000)
  region size 4096K, 6 young (24576K), 1 survivors (4096K)
 Metaspace       used 34932K, committed 35968K, reserved 1114112K
  class space    used 4903K, committed 5440K, reserved 1048576K
}
Event: 23.355 GC heap after
{Heap after GC invocations=9 (full 0):
 garbage-first heap   total 102400K, used 31432K [0x0000000600000000, 0x0000000800000000)
  region size 4096K, 1 young (4096K), 1 survivors (4096K)
 Metaspace       used 34932K, committed 35968K, reserved 1114112K
  class space    used 4903K, committed 5440K, reserved 1048576K
}
Event: 27.927 GC heap before
{Heap before GC invocations=10 (full 0):
 garbage-first heap   total 102400K, used 84680K [0x0000000600000000, 0x0000000800000000)
  region size 4096K, 14 young (57344K), 1 survivors (4096K)
 Metaspace       used 40733K, committed 42304K, reserved 1114112K
  class space    used 5904K, committed 6656K, reserved 1048576K
}
Event: 27.934 GC heap after
{Heap after GC invocations=11 (full 0):
 garbage-first heap   total 102400K, used 34912K [0x0000000600000000, 0x0000000800000000)
  region size 4096K, 2 young (8192K), 2 survivors (8192K)
 Metaspace       used 40733K, committed 42304K, reserved 1114112K
  class space    used 5904K, committed 6656K, reserved 1048576K
}
Event: 34.410 GC heap before
{Heap before GC invocations=11 (full 0):
 garbage-first heap   total 102400K, used 84064K [0x0000000600000000, 0x0000000800000000)
  region size 4096K, 14 young (57344K), 2 survivors (8192K)
 Metaspace       used 43544K, committed 45184K, reserved 1114112K
  class space    used 6383K, committed 7168K, reserved 1048576K
}
Event: 34.418 GC heap after
{Heap after GC invocations=12 (full 0):
 garbage-first heap   total 102400K, used 36639K [0x0000000600000000, 0x0000000800000000)
  region size 4096K, 2 young (8192K), 2 survivors (8192K)
 Metaspace       used 43544K, committed 45184K, reserved 1114112K
  class space    used 6383K, committed 7168K, reserved 1048576K
}
Event: 41.334 GC heap before
{Heap before GC invocations=12 (full 0):
 garbage-first heap   total 102400K, used 85791K [0x0000000600000000, 0x0000000800000000)
  region size 4096K, 14 young (57344K), 2 survivors (8192K)
 Metaspace       used 48281K, committed 50048K, reserved 1114112K
  class space    used 7135K, committed 8000K, reserved 1048576K
}
Event: 41.345 GC heap after
{Heap after GC invocations=13 (full 0):
 garbage-first heap   total 102400K, used 40198K [0x0000000600000000, 0x0000000800000000)
  region size 4096K, 2 young (8192K), 2 survivors (8192K)
 Metaspace       used 48281K, committed 50048K, reserved 1114112K
  class space    used 7135K, committed 8000K, reserved 1048576K
}
Event: 44.045 GC heap before
{Heap before GC invocations=13 (full 0):
 garbage-first heap   total 102400K, used 85254K [0x0000000600000000, 0x0000000800000000)
  region size 4096K, 13 young (53248K), 2 survivors (8192K)
 Metaspace       used 50940K, committed 52800K, reserved 1114112K
  class space    used 7542K, committed 8448K, reserved 1048576K
}
Event: 44.056 GC heap after
{Heap after GC invocations=14 (full 0):
 garbage-first heap   total 102400K, used 44364K [0x0000000600000000, 0x0000000800000000)
  region size 4096K, 2 young (8192K), 2 survivors (8192K)
 Metaspace       used 50940K, committed 52800K, reserved 1114112K
  class space    used 7542K, committed 8448K, reserved 1048576K
}
Event: 47.536 GC heap before
{Heap before GC invocations=14 (full 0):
 garbage-first heap   total 102400K, used 89420K [0x0000000600000000, 0x0000000800000000)
  region size 4096K, 13 young (53248K), 2 survivors (8192K)
 Metaspace       used 55038K, committed 56960K, reserved 1114112K
  class space    used 8153K, committed 9088K, reserved 1048576K
}
Event: 47.552 GC heap after
{Heap after GC invocations=15 (full 0):
 garbage-first heap   total 110592K, used 54895K [0x0000000600000000, 0x0000000800000000)
  region size 4096K, 2 young (8192K), 2 survivors (8192K)
 Metaspace       used 55038K, committed 56960K, reserved 1114112K
  class space    used 8153K, committed 9088K, reserved 1048576K
}
Event: 48.490 GC heap before
{Heap before GC invocations=15 (full 0):
 garbage-first heap   total 110592K, used 79471K [0x0000000600000000, 0x0000000800000000)
  region size 4096K, 9 young (36864K), 2 survivors (8192K)
 Metaspace       used 58249K, committed 60096K, reserved 1114112K
  class space    used 8575K, committed 9472K, reserved 1048576K
}
Event: 48.500 GC heap after
{Heap after GC invocations=16 (full 0):
 garbage-first heap   total 110592K, used 55872K [0x0000000600000000, 0x0000000800000000)
  region size 4096K, 1 young (4096K), 1 survivors (4096K)
 Metaspace       used 58249K, committed 60096K, reserved 1114112K
  class space    used 8575K, committed 9472K, reserved 1048576K
}
Event: 54.187 GC heap before
{Heap before GC invocations=17 (full 0):
 garbage-first heap   total 110592K, used 88640K [0x0000000600000000, 0x0000000800000000)
  region size 4096K, 10 young (40960K), 1 survivors (4096K)
 Metaspace       used 61373K, committed 63296K, reserved 1114112K
  class space    used 9035K, committed 9984K, reserved 1048576K
}
Event: 54.193 GC heap after
{Heap after GC invocations=18 (full 0):
 garbage-first heap   total 110592K, used 58109K [0x0000000600000000, 0x0000000800000000)
  region size 4096K, 1 young (4096K), 1 survivors (4096K)
 Metaspace       used 61373K, committed 63296K, reserved 1114112K
  class space    used 9035K, committed 9984K, reserved 1048576K
}

Dll operation events (14 events):
Event: 0.058 Loaded shared library C:\Users\MUKHTAR SAYYED\.vscode\extensions\redhat.java-1.53.0-win32-x64\jre\21.0.10-win32-x86_64\bin\java.dll
Event: 0.549 Loaded shared library C:\Users\MUKHTAR SAYYED\.vscode\extensions\redhat.java-1.53.0-win32-x64\jre\21.0.10-win32-x86_64\bin\zip.dll
Event: 0.604 Loaded shared library C:\Users\MUKHTAR SAYYED\.vscode\extensions\redhat.java-1.53.0-win32-x64\jre\21.0.10-win32-x86_64\bin\instrument.dll
Event: 0.627 Loaded shared library C:\Users\MUKHTAR SAYYED\.vscode\extensions\redhat.java-1.53.0-win32-x64\jre\21.0.10-win32-x86_64\bin\net.dll
Event: 0.635 Loaded shared library C:\Users\MUKHTAR SAYYED\.vscode\extensions\redhat.java-1.53.0-win32-x64\jre\21.0.10-win32-x86_64\bin\nio.dll
Event: 0.643 Loaded shared library C:\Users\MUKHTAR SAYYED\.vscode\extensions\redhat.java-1.53.0-win32-x64\jre\21.0.10-win32-x86_64\bin\zip.dll
Event: 1.722 Loaded shared library C:\Users\MUKHTAR SAYYED\.vscode\extensions\redhat.java-1.53.0-win32-x64\jre\21.0.10-win32-x86_64\bin\jimage.dll
Event: 2.356 Loaded shared library C:\Users\MUKHTAR SAYYED\.vscode\extensions\redhat.java-1.53.0-win32-x64\jre\21.0.10-win32-x86_64\bin\verify.dll
Event: 2.685 Loaded shared library C:\Users\MUKHTAR SAYYED\.gradle\native\1def1411415f61bf3af743bc5b6707747c0891f09f0c88961ee8f79bc544acac\windows-amd64\native-platform.dll
Event: 3.184 Loaded shared library C:\Users\MUKHTAR SAYYED\.gradle\native\0.2.7\x86_64-windows-gnu\gradle-fileevents.dll
Event: 6.814 Loaded shared library C:\Users\MUKHTAR SAYYED\.vscode\extensions\redhat.java-1.53.0-win32-x64\jre\21.0.10-win32-x86_64\bin\management.dll
Event: 6.841 Loaded shared library C:\Users\MUKHTAR SAYYED\.vscode\extensions\redhat.java-1.53.0-win32-x64\jre\21.0.10-win32-x86_64\bin\management_ext.dll
Event: 7.792 Loaded shared library C:\Users\MUKHTAR SAYYED\.vscode\extensions\redhat.java-1.53.0-win32-x64\jre\21.0.10-win32-x86_64\bin\extnet.dll
Event: 9.435 Loaded shared library C:\Users\MUKHTAR SAYYED\.vscode\extensions\redhat.java-1.53.0-win32-x64\jre\21.0.10-win32-x86_64\bin\sunmscapi.dll

Deoptimization events (20 events):
Event: 53.788 Thread 0x000002024e57cef0 Uncommon trap: trap_request=0xffffff45 fr.pc=0x0000020266802630 relative=0x0000000000001170
Event: 53.788 Thread 0x000002024e57cef0 Uncommon trap: reason=unstable_if action=reinterpret pc=0x0000020266802630 method=java.util.concurrent.ConcurrentHashMap.putVal(Ljava/lang/Object;Ljava/lang/Object;Z)Ljava/lang/Object; @ 245 c2
Event: 53.788 Thread 0x000002024e57cef0 DEOPT PACKING pc=0x0000020266802630 sp=0x000000f3addf0a90
Event: 53.788 Thread 0x000002024e57cef0 DEOPT UNPACKING pc=0x0000020265f14422 sp=0x000000f3addf0a18 mode 2
Event: 53.853 Thread 0x000002024e57cef0 Uncommon trap: trap_request=0xffffffde fr.pc=0x000002026667ad40 relative=0x00000000000004c0
Event: 53.853 Thread 0x000002024e57cef0 Uncommon trap: reason=class_check action=maybe_recompile pc=0x000002026667ad40 method=kotlin.reflect.jvm.internal.impl.protobuf.CodedInputStream.tryRefillBuffer(I)Z @ 175 c2
Event: 53.853 Thread 0x000002024e57cef0 DEOPT PACKING pc=0x000002026667ad40 sp=0x000000f3addf17a0
Event: 53.854 Thread 0x000002024e57cef0 DEOPT UNPACKING pc=0x0000020265f14422 sp=0x000000f3addf1688 mode 2
Event: 53.854 Thread 0x000002024e57cef0 Uncommon trap: trap_request=0xffffffde fr.pc=0x000002026667ad40 relative=0x00000000000004c0
Event: 53.854 Thread 0x000002024e57cef0 Uncommon trap: reason=class_check action=maybe_recompile pc=0x000002026667ad40 method=kotlin.reflect.jvm.internal.impl.protobuf.CodedInputStream.tryRefillBuffer(I)Z @ 175 c2
Event: 53.854 Thread 0x000002024e57cef0 DEOPT PACKING pc=0x000002026667ad40 sp=0x000000f3addf17a0
Event: 53.854 Thread 0x000002024e57cef0 DEOPT UNPACKING pc=0x0000020265f14422 sp=0x000000f3addf1688 mode 2
Event: 53.854 Thread 0x000002024e57cef0 Uncommon trap: trap_request=0xffffffde fr.pc=0x000002026667ad40 relative=0x00000000000004c0
Event: 53.854 Thread 0x000002024e57cef0 Uncommon trap: reason=class_check action=maybe_recompile pc=0x000002026667ad40 method=kotlin.reflect.jvm.internal.impl.protobuf.CodedInputStream.tryRefillBuffer(I)Z @ 175 c2
Event: 53.854 Thread 0x000002024e57cef0 DEOPT PACKING pc=0x000002026667ad40 sp=0x000000f3addf1890
Event: 53.854 Thread 0x000002024e57cef0 DEOPT UNPACKING pc=0x0000020265f14422 sp=0x000000f3addf1778 mode 2
Event: 53.854 Thread 0x000002024e57cef0 Uncommon trap: trap_request=0xffffffde fr.pc=0x000002026667ad40 relative=0x00000000000004c0
Event: 53.854 Thread 0x000002024e57cef0 Uncommon trap: reason=class_check action=maybe_recompile pc=0x000002026667ad40 method=kotlin.reflect.jvm.internal.impl.protobuf.CodedInputStream.tryRefillBuffer(I)Z @ 175 c2
Event: 53.854 Thread 0x000002024e57cef0 DEOPT PACKING pc=0x000002026667ad40 sp=0x000000f3addf1890
Event: 53.854 Thread 0x000002024e57cef0 DEOPT UNPACKING pc=0x0000020265f14422 sp=0x000000f3addf1778 mode 2

Classes loaded (20 events):
Event: 50.169 Loading class javax/management/NotificationFilter
Event: 50.169 Loading class javax/management/NotificationFilter done
Event: 50.169 Loading class javax/management/ListenerNotFoundException
Event: 50.170 Loading class javax/management/OperationsException
Event: 50.170 Loading class javax/management/JMException
Event: 50.170 Loading class javax/management/JMException done
Event: 50.170 Loading class javax/management/OperationsException done
Event: 50.170 Loading class javax/management/ListenerNotFoundException done
Event: 50.170 Loading class jdk/jfr/Recording
Event: 50.170 Loading class jdk/jfr/Recording done
Event: 50.170 Loading class jdk/jfr/FlightRecorder
Event: 50.170 Loading class jdk/jfr/FlightRecorder done
Event: 50.170 Loading class jdk/management/jfr/FlightRecorderMXBeanImpl$MXBeanListener
Event: 50.170 Loading class jdk/jfr/FlightRecorderListener
Event: 50.170 Loading class jdk/jfr/FlightRecorderListener done
Event: 50.170 Loading class jdk/management/jfr/FlightRecorderMXBeanImpl$MXBeanListener done
Event: 51.236 Loading class com/sun/jmx/mbeanserver/StandardMBeanSupport
Event: 51.236 Loading class com/sun/jmx/mbeanserver/StandardMBeanSupport done
Event: 51.236 Loading class com/sun/jmx/mbeanserver/StandardMBeanIntrospector
Event: 51.237 Loading class com/sun/jmx/mbeanserver/StandardMBeanIntrospector done

Classes unloaded (0 events):
No events

Classes redefined (0 events):
No events

Internal exceptions (20 events):
Event: 48.209 Thread 0x000002024e57cef0 Implicit null exception at 0x000002026657f421 to 0x000002026657fe90
Event: 48.214 Thread 0x000002024e57cef0 Exception <a 'java/lang/NoSuchMethodError'{0x0000000604cc7ca8}: static Lorg/jetbrains/kotlin/gradle/plugin/internal/DefaultProjectIsolationStartParameterAccessor$Factory;.<clinit>()V> (0x0000000604cc7ca8) 
thrown [s\src\hotspot\share\prims\jni.cpp, line 1111]
Event: 48.217 Thread 0x000002024e57cef0 Exception <a 'java/lang/NoSuchMethodError'{0x0000000604cee6b8}: static Lorg/jetbrains/kotlin/gradle/plugin/internal/DefaultSourceSetCompatibilityHelperVariantFactory;.<clinit>()V> (0x0000000604cee6b8) 
thrown [s\src\hotspot\share\prims\jni.cpp, line 1111]
Event: 48.220 Thread 0x000002024e57cef0 Exception <a 'java/lang/NoSuchMethodError'{0x0000000604d20300}: static Lorg/jetbrains/kotlin/gradle/plugin/internal/DefaultArtifactTypeAttributeAccessorVariantFactory;.<clinit>()V> (0x0000000604d20300) 
thrown [s\src\hotspot\share\prims\jni.cpp, line 1111]
Event: 48.224 Thread 0x000002024e57cef0 Exception <a 'java/lang/NoSuchMethodError'{0x0000000604d51ec8}: static Lorg/jetbrains/kotlin/gradle/plugin/internal/DefaultCompatibilityConventionRegistrar$Factory;.<clinit>()V> (0x0000000604d51ec8) 
thrown [s\src\hotspot\share\prims\jni.cpp, line 1111]
Event: 48.228 Thread 0x000002024e57cef0 Exception <a 'java/lang/NoSuchMethodError'{0x0000000604d78930}: static Lorg/jetbrains/kotlin/gradle/plugin/internal/DefaultJavaSourceSetsAccessorVariantFactory;.<clinit>()V> (0x0000000604d78930) 
thrown [s\src\hotspot\share\prims\jni.cpp, line 1111]
Event: 48.231 Thread 0x000002024e57cef0 Exception <a 'java/lang/NoSuchMethodError'{0x0000000604e0f4d0}: static Lorg/jetbrains/kotlin/gradle/plugin/internal/DefaultIdeaSyncDetectorVariantFactory;.<clinit>()V> (0x0000000604e0f4d0) 
thrown [s\src\hotspot\share\prims\jni.cpp, line 1111]
Event: 48.235 Thread 0x000002024e57cef0 Exception <a 'java/lang/NoSuchMethodError'{0x0000000604e39178}: static Lorg/jetbrains/kotlin/gradle/plugin/internal/DefaultKotlinTestReportCompatibilityHelperVariantFactory;.<clinit>()V> (0x0000000604e39178) 
thrown [s\src\hotspot\share\prims\jni.cpp, line 1111]
Event: 48.238 Thread 0x000002024e57cef0 Exception <a 'java/lang/NoSuchMethodError'{0x0000000604e60010}: static Lorg/jetbrains/kotlin/gradle/plugin/internal/DefaultMppTestReportHelperVariantFactory;.<clinit>()V> (0x0000000604e60010) 
thrown [s\src\hotspot\share\prims\jni.cpp, line 1111]
Event: 48.240 Thread 0x000002024e57cef0 Exception <a 'java/lang/NoSuchMethodError'{0x0000000604e85d68}: static Lorg/jetbrains/kotlin/gradle/plugin/internal/DefaultConfigurationCacheStartParameterAccessorVariantFactory;.<clinit>()V> (0x0000000604e85d68) 
thrown [s\src\hotspot\share\prims\jni.cpp, line 1111]
Event: 48.243 Thread 0x000002024e57cef0 Exception <a 'java/lang/NoSuchMethodError'{0x0000000604ead328}: static Lorg/jetbrains/kotlin/gradle/plugin/internal/MavenPluginConfigurator$DefaultMavenPluginConfiguratorVariantFactory;.<clinit>()V> (0x0000000604ead328) 
thrown [s\src\hotspot\share\prims\jni.cpp, line 1111]
Event: 48.250 Thread 0x000002024e57cef0 Exception <a 'java/lang/NoSuchMethodError'{0x0000000604ed3240}: static Lorg/jetbrains/kotlin/gradle/targets/js/nodejs/DefaultUnameExecutorVariantFactory;.<clinit>()V> (0x0000000604ed3240) 
thrown [s\src\hotspot\share\prims\jni.cpp, line 1111]
Event: 48.253 Thread 0x000002024e57cef0 Exception <a 'java/lang/NoSuchMethodError'{0x0000000604ef9b70}: static Lorg/jetbrains/kotlin/gradle/plugin/internal/DefaultBasePluginConfigurationVariantFactory;.<clinit>()V> (0x0000000604ef9b70) 
thrown [s\src\hotspot\share\prims\jni.cpp, line 1111]
Event: 48.256 Thread 0x000002024e57cef0 Exception <a 'java/lang/NoSuchMethodError'{0x0000000604f20840}: static Lorg/jetbrains/kotlin/gradle/plugin/internal/DefaultAttributeConfigurationHelperVariantFactory;.<clinit>()V> (0x0000000604f20840) 
thrown [s\src\hotspot\share\prims\jni.cpp, line 1111]
Event: 48.262 Thread 0x000002024e57cef0 Exception <a 'java/lang/NoSuchMethodError'{0x0000000604f2b6c8}: 'void java.lang.invoke.DirectMethodHandle$Holder.invokeSpecial(java.lang.Object, java.lang.Object, java.lang.Object, int)'> (0x0000000604f2b6c8) 
thrown [s\src\hotspot\share\interpreter\linkResolver.cpp, line 773]
Event: 48.310 Thread 0x000002024e57cef0 Exception <a 'java/lang/NoSuchMethodError'{0x0000000604fbfa38}: 'long java.lang.invoke.DirectMethodHandle$Holder.invokeSpecial(java.lang.Object, java.lang.Object)'> (0x0000000604fbfa38) 
thrown [s\src\hotspot\share\interpreter\linkResolver.cpp, line 773]
Event: 48.310 Thread 0x000002024e57cef0 Exception <a 'java/lang/NoSuchMethodError'{0x0000000604fc4c30}: 'long java.lang.invoke.Invokers$Holder.invokeExact_MT(java.lang.Object, java.lang.Object)'> (0x0000000604fc4c30) 
thrown [s\src\hotspot\share\interpreter\linkResolver.cpp, line 773]
Event: 48.459 Thread 0x000002024e57cef0 Exception <a 'java/lang/IncompatibleClassChangeError'{0x0000000604ad7a10}: Found class java.lang.Object, but interface was expected> (0x0000000604ad7a10) 
thrown [s\src\hotspot\share\interpreter\linkResolver.cpp, line 840]
Event: 51.442 Thread 0x000002024e57cef0 Implicit null exception at 0x0000020266780cdd to 0x000002026678119c
Event: 51.442 Thread 0x000002024e57cef0 Implicit null exception at 0x000002026678193f to 0x0000020266781dfc

ZGC Phase Switch (0 events):
No events

VM Operations (20 events):
Event: 48.490 Executing safepoint VM operation: CollectForMetadataAllocation (Metadata GC Threshold)
Event: 48.500 Executing safepoint VM operation: CollectForMetadataAllocation (Metadata GC Threshold) done
Event: 48.524 Executing safepoint VM operation: CollectForMetadataAllocation (Metadata GC Threshold)
Event: 48.524 Executing safepoint VM operation: CollectForMetadataAllocation (Metadata GC Threshold) done
Event: 48.564 Executing safepoint VM operation: G1PauseRemark
Event: 48.576 Executing safepoint VM operation: G1PauseRemark done
Event: 48.589 Executing safepoint VM operation: G1PauseCleanup
Event: 48.590 Executing safepoint VM operation: G1PauseCleanup done
Event: 49.602 Executing safepoint VM operation: Cleanup
Event: 49.602 Executing safepoint VM operation: Cleanup done
Event: 50.605 Executing safepoint VM operation: Cleanup
Event: 51.213 Executing safepoint VM operation: Cleanup done
Event: 52.228 Executing safepoint VM operation: Cleanup
Event: 52.683 Executing safepoint VM operation: Cleanup done
Event: 53.686 Executing safepoint VM operation: Cleanup
Event: 53.686 Executing safepoint VM operation: Cleanup done
Event: 54.187 Executing safepoint VM operation: G1CollectForAllocation (G1 Evacuation Pause)
Event: 54.193 Executing safepoint VM operation: G1CollectForAllocation (G1 Evacuation Pause) done
Event: 55.204 Executing safepoint VM operation: Cleanup
Event: 55.204 Executing safepoint VM operation: Cleanup done

Memory protections (0 events):
No events

Nmethod flushes (20 events):
Event: 48.574 Thread 0x000002027a8846a0 flushing  nmethod 0x00000202569ed810
Event: 48.574 Thread 0x000002027a8846a0 flushing  nmethod 0x00000202569ee310
Event: 48.574 Thread 0x000002027a8846a0 flushing  nmethod 0x00000202569ee810
Event: 48.574 Thread 0x000002027a8846a0 flushing  nmethod 0x00000202664f8690
Event: 48.574 Thread 0x000002027a8846a0 flushing  nmethod 0x0000020256206110
Event: 48.574 Thread 0x000002027a8846a0 flushing  nmethod 0x000002025623f890
Event: 48.574 Thread 0x000002027a8846a0 flushing  nmethod 0x0000020256344590
Event: 48.574 Thread 0x000002027a8846a0 flushing  nmethod 0x0000020256418890
Event: 48.574 Thread 0x000002027a8846a0 flushing  nmethod 0x0000020256423090
Event: 48.574 Thread 0x000002027a8846a0 flushing  nmethod 0x0000020256426410
Event: 48.574 Thread 0x000002027a8846a0 flushing  nmethod 0x0000020256498d10
Event: 48.574 Thread 0x000002027a8846a0 flushing  nmethod 0x0000020256557610
Event: 48.574 Thread 0x000002027a8846a0 flushing  nmethod 0x0000020256558090
Event: 48.574 Thread 0x000002027a8846a0 flushing  nmethod 0x0000020256558e90
Event: 48.574 Thread 0x000002027a8846a0 flushing  nmethod 0x000002025655d790
Event: 48.574 Thread 0x000002027a8846a0 flushing  nmethod 0x000002025655f690
Event: 48.574 Thread 0x000002027a8846a0 flushing  nmethod 0x0000020256561910
Event: 48.574 Thread 0x000002027a8846a0 flushing  nmethod 0x000002025661df10
Event: 48.574 Thread 0x000002027a8846a0 flushing  nmethod 0x000002025679e590
Event: 48.574 Thread 0x000002027a8846a0 flushing  nmethod 0x000002025679ea90

Events (20 events):
Event: 41.515 Thread 0x000002024e57cef0 Thread added: 0x000002027b5b5750
Event: 41.518 Thread 0x000002024e57cef0 Thread added: 0x000002027b5b22d0
Event: 41.521 Thread 0x000002024e57cef0 Thread added: 0x000002027b5b4a30
Event: 41.533 Thread 0x000002024e57cef0 Thread added: 0x000002027b5b3680
Event: 41.603 Thread 0x000002024e57cef0 Thread added: 0x000002027b5b50c0
Event: 41.654 Thread 0x000002024e57cef0 Thread added: 0x000002027b5b5de0
Event: 41.800 Thread 0x000002024e57cef0 Thread added: 0x000002027b5b6470
Event: 42.212 Thread 0x000002024e57cef0 Thread added: 0x000002027b5b6b00
Event: 42.214 Thread 0x000002024e57cef0 Thread added: 0x000002027b5b7190
Event: 42.216 Thread 0x000002024e57cef0 Thread added: 0x000002027b5b3d10
Event: 42.218 Thread 0x000002024e57cef0 Thread added: 0x000002027b5b7820
Event: 42.219 Thread 0x000002024e57cef0 Thread added: 0x000002027b5b43a0
Event: 42.221 Thread 0x000002024e57cef0 Thread added: 0x000002027b5b7eb0
Event: 42.223 Thread 0x000002024e57cef0 Thread added: 0x000002027b5b8540
Event: 44.083 Thread 0x000002024e57cef0 Thread added: 0x000002027b5b8bd0
Event: 50.148 Thread 0x000002027a8b7d30 Thread added: 0x000002024de02010
Event: 51.320 Thread 0x000002024e57cef0 Thread added: 0x000002024f0ba7c0
Event: 51.427 Thread 0x000002024de02010 Thread exited: 0x000002024de02010
Event: 53.816 Thread 0x000002027a8b7d30 Thread added: 0x000002024de02010
Event: 54.000 Thread 0x000002024de02010 Thread exited: 0x000002024de02010


Dynamic libraries:
0x00007ff688740000 - 0x00007ff68874e000 	C:\Users\MUKHTAR SAYYED\.vscode\extensions\redhat.java-1.53.0-win32-x64\jre\21.0.10-win32-x86_64\bin\java.exe
0x00007ffd92640000 - 0x00007ffd928a7000 	C:\WINDOWS\SYSTEM32\ntdll.dll
0x00007ffd91230000 - 0x00007ffd912f9000 	C:\WINDOWS\System32\KERNEL32.DLL
0x00007ffd8fb70000 - 0x00007ffd8ff61000 	C:\WINDOWS\System32\KERNELBASE.dll
0x00007ffd8f050000 - 0x00007ffd8f19b000 	C:\WINDOWS\System32\ucrtbase.dll
0x00007ffd77730000 - 0x00007ffd77748000 	C:\Users\MUKHTAR SAYYED\.vscode\extensions\redhat.java-1.53.0-win32-x64\jre\21.0.10-win32-x86_64\bin\jli.dll
0x00007ffd72b70000 - 0x00007ffd72b8e000 	C:\Users\MUKHTAR SAYYED\.vscode\extensions\redhat.java-1.53.0-win32-x64\jre\21.0.10-win32-x86_64\bin\VCRUNTIME140.dll
0x00007ffd92210000 - 0x00007ffd923d5000 	C:\WINDOWS\System32\USER32.dll
0x00007ffd90000000 - 0x00007ffd90027000 	C:\WINDOWS\System32\win32u.dll
0x00007ffd90e90000 - 0x00007ffd90ebb000 	C:\WINDOWS\System32\GDI32.dll
0x00007ffd8ef20000 - 0x00007ffd8f04b000 	C:\WINDOWS\System32\gdi32full.dll
0x00007ffd8f1a0000 - 0x00007ffd8f243000 	C:\WINDOWS\System32\msvcp_win.dll
0x00007ffd7d940000 - 0x00007ffd7dbd3000 	C:\WINDOWS\WinSxS\amd64_microsoft.windows.common-controls_6595b64144ccf1df_6.0.26100.8037_none_3e092faae333b53b\COMCTL32.dll
0x00007ffd92550000 - 0x00007ffd925f9000 	C:\WINDOWS\System32\msvcrt.dll
0x00007ffd90c10000 - 0x00007ffd90c41000 	C:\WINDOWS\System32\IMM32.DLL
0x00007ffd81640000 - 0x00007ffd8164c000 	C:\Users\MUKHTAR SAYYED\.vscode\extensions\redhat.java-1.53.0-win32-x64\jre\21.0.10-win32-x86_64\bin\vcruntime140_1.dll
0x00007ffd62580000 - 0x00007ffd6260d000 	C:\Users\MUKHTAR SAYYED\.vscode\extensions\redhat.java-1.53.0-win32-x64\jre\21.0.10-win32-x86_64\bin\msvcp140.dll
0x00007ffd215d0000 - 0x00007ffd22371000 	C:\Users\MUKHTAR SAYYED\.vscode\extensions\redhat.java-1.53.0-win32-x64\jre\21.0.10-win32-x86_64\bin\server\jvm.dll
0x00007ffd90d80000 - 0x00007ffd90e3b000 	C:\WINDOWS\System32\ADVAPI32.dll
0x00007ffd91890000 - 0x00007ffd91937000 	C:\WINDOWS\System32\sechost.dll
0x00007ffd90c50000 - 0x00007ffd90d68000 	C:\WINDOWS\System32\RPCRT4.dll
0x00007ffd911b0000 - 0x00007ffd91224000 	C:\WINDOWS\System32\WS2_32.dll
0x00007ffd83030000 - 0x00007ffd8303b000 	C:\WINDOWS\SYSTEM32\VERSION.dll
0x00007ffd85450000 - 0x00007ffd85485000 	C:\WINDOWS\SYSTEM32\WINMM.dll
0x00007ffd8ed80000 - 0x00007ffd8edde000 	C:\WINDOWS\SYSTEM32\POWRPROF.dll
0x00007ffd8ed60000 - 0x00007ffd8ed74000 	C:\WINDOWS\SYSTEM32\UMPDC.dll
0x00007ffd8dc10000 - 0x00007ffd8dc2b000 	C:\WINDOWS\SYSTEM32\kernel.appcore.dll
0x00007ffd80da0000 - 0x00007ffd80daa000 	C:\Users\MUKHTAR SAYYED\.vscode\extensions\redhat.java-1.53.0-win32-x64\jre\21.0.10-win32-x86_64\bin\jimage.dll
0x00007ffd83c00000 - 0x00007ffd83e42000 	C:\WINDOWS\SYSTEM32\DBGHELP.DLL
0x00007ffd91480000 - 0x00007ffd91802000 	C:\WINDOWS\System32\combase.dll
0x00007ffd90fd0000 - 0x00007ffd910a7000 	C:\WINDOWS\System32\OLEAUT32.dll
0x00007ffd7cd20000 - 0x00007ffd7cd5b000 	C:\WINDOWS\SYSTEM32\dbgcore.DLL
0x00007ffd8f250000 - 0x00007ffd8f2f5000 	C:\WINDOWS\System32\bcryptPrimitives.dll
0x00007ffd7f9a0000 - 0x00007ffd7f9af000 	C:\Users\MUKHTAR SAYYED\.vscode\extensions\redhat.java-1.53.0-win32-x64\jre\21.0.10-win32-x86_64\bin\instrument.dll
0x00007ffd72340000 - 0x00007ffd72360000 	C:\Users\MUKHTAR SAYYED\.vscode\extensions\redhat.java-1.53.0-win32-x64\jre\21.0.10-win32-x86_64\bin\java.dll
0x00007ffd903e0000 - 0x00007ffd90b3f000 	C:\WINDOWS\System32\SHELL32.dll
0x00007ffd900f0000 - 0x00007ffd9025a000 	C:\WINDOWS\System32\wintypes.dll
0x00007ffd8f300000 - 0x00007ffd8fb64000 	C:\WINDOWS\System32\windows.storage.dll
0x00007ffd91380000 - 0x00007ffd91477000 	C:\WINDOWS\System32\SHCORE.dll
0x00007ffd91300000 - 0x00007ffd91367000 	C:\WINDOWS\System32\shlwapi.dll
0x00007ffd8ee40000 - 0x00007ffd8ee69000 	C:\WINDOWS\SYSTEM32\profapi.dll
0x00007ffd6f910000 - 0x00007ffd6f928000 	C:\Users\MUKHTAR SAYYED\.vscode\extensions\redhat.java-1.53.0-win32-x64\jre\21.0.10-win32-x86_64\bin\zip.dll
0x00007ffd80700000 - 0x00007ffd80710000 	C:\Users\MUKHTAR SAYYED\.vscode\extensions\redhat.java-1.53.0-win32-x64\jre\21.0.10-win32-x86_64\bin\net.dll
0x00007ffd89510000 - 0x00007ffd89637000 	C:\WINDOWS\SYSTEM32\WINHTTP.dll
0x00007ffd8e220000 - 0x00007ffd8e28b000 	C:\WINDOWS\system32\mswsock.dll
0x00007ffd6e300000 - 0x00007ffd6e316000 	C:\Users\MUKHTAR SAYYED\.vscode\extensions\redhat.java-1.53.0-win32-x64\jre\21.0.10-win32-x86_64\bin\nio.dll
0x00007ffd7f960000 - 0x00007ffd7f970000 	C:\Users\MUKHTAR SAYYED\.vscode\extensions\redhat.java-1.53.0-win32-x64\jre\21.0.10-win32-x86_64\bin\verify.dll
0x00007ffd38600000 - 0x00007ffd38627000 	C:\Users\MUKHTAR SAYYED\.gradle\native\1def1411415f61bf3af743bc5b6707747c0891f09f0c88961ee8f79bc544acac\windows-amd64\native-platform.dll
0x00007ffd40030000 - 0x00007ffd400a8000 	C:\Users\MUKHTAR SAYYED\.gradle\native\0.2.7\x86_64-windows-gnu\gradle-fileevents.dll
0x00007ffd77660000 - 0x00007ffd7766a000 	C:\Users\MUKHTAR SAYYED\.vscode\extensions\redhat.java-1.53.0-win32-x64\jre\21.0.10-win32-x86_64\bin\management.dll
0x00007ffd71260000 - 0x00007ffd7126c000 	C:\Users\MUKHTAR SAYYED\.vscode\extensions\redhat.java-1.53.0-win32-x64\jre\21.0.10-win32-x86_64\bin\management_ext.dll
0x00007ffd91370000 - 0x00007ffd91378000 	C:\WINDOWS\System32\PSAPI.DLL
0x00007ffd8d560000 - 0x00007ffd8d593000 	C:\WINDOWS\SYSTEM32\IPHLPAPI.DLL
0x00007ffd90d70000 - 0x00007ffd90d7a000 	C:\WINDOWS\System32\NSI.dll
0x00007ffd6ef30000 - 0x00007ffd6ef39000 	C:\Users\MUKHTAR SAYYED\.vscode\extensions\redhat.java-1.53.0-win32-x64\jre\21.0.10-win32-x86_64\bin\extnet.dll
0x00007ffd8e510000 - 0x00007ffd8e52b000 	C:\WINDOWS\SYSTEM32\CRYPTSP.dll
0x00007ffd8dc30000 - 0x00007ffd8dc69000 	C:\WINDOWS\system32\rsaenh.dll
0x00007ffd8e2d0000 - 0x00007ffd8e302000 	C:\WINDOWS\SYSTEM32\USERENV.dll
0x00007ffd8ee10000 - 0x00007ffd8ee3a000 	C:\WINDOWS\SYSTEM32\bcrypt.dll
0x00007ffd8e500000 - 0x00007ffd8e50c000 	C:\WINDOWS\SYSTEM32\CRYPTBASE.dll
0x00007ffd6f4b0000 - 0x00007ffd6f4be000 	C:\Users\MUKHTAR SAYYED\.vscode\extensions\redhat.java-1.53.0-win32-x64\jre\21.0.10-win32-x86_64\bin\sunmscapi.dll
0x00007ffd90260000 - 0x00007ffd903d7000 	C:\WINDOWS\System32\CRYPT32.dll
0x00007ffd8e720000 - 0x00007ffd8e750000 	C:\WINDOWS\SYSTEM32\ncrypt.dll
0x00007ffd8e6d0000 - 0x00007ffd8e70f000 	C:\WINDOWS\SYSTEM32\NTASN1.dll
0x00007ffd35dd0000 - 0x00007ffd35dd8000 	C:\WINDOWS\system32\wshunix.dll

JVMTI agents:
C:\Users\MUKHTAR SAYYED\.gradle\wrapper\dists\gradle-8.14-all\c2qonpi39x1mddn7hk5gh9iqj\gradle-8.14\lib\agents\gradle-instrumentation-agent-8.14.jar path:C:\Users\MUKHTAR SAYYED\.vscode\extensions\redhat.java-1.53.0-win32-x64\jre\21.0.10-win32-x86_64\bin\instrument.dll, loaded, initialized, instrumentlib options:none

dbghelp: loaded successfully - version: 4.0.5 - missing functions: none
symbol engine: initialized successfully - sym options: 0x614 - pdb path: .;C:\Users\MUKHTAR SAYYED\.vscode\extensions\redhat.java-1.53.0-win32-x64\jre\21.0.10-win32-x86_64\bin;C:\WINDOWS\SYSTEM32;C:\WINDOWS\WinSxS\amd64_microsoft.windows.common-controls_6595b64144ccf1df_6.0.26100.8037_none_3e092faae333b53b;C:\Users\MUKHTAR SAYYED\.vscode\extensions\redhat.java-1.53.0-win32-x64\jre\21.0.10-win32-x86_64\bin\server;C:\Users\MUKHTAR SAYYED\.gradle\native\1def1411415f61bf3af743bc5b6707747c0891f09f0c88961ee8f79bc544acac\windows-amd64;C:\Users\MUKHTAR SAYYED\.gradle\native\0.2.7\x86_64-windows-gnu

VM Arguments:
jvm_args: --add-opens=java.base/java.lang=ALL-UNNAMED --add-opens=java.base/java.lang.invoke=ALL-UNNAMED --add-opens=java.base/java.util=ALL-UNNAMED --add-opens=java.prefs/java.util.prefs=ALL-UNNAMED --add-exports=jdk.compiler/com.sun.tools.javac.api=ALL-UNNAMED --add-exports=jdk.compiler/com.sun.tools.javac.util=ALL-UNNAMED --add-opens=java.base/java.util=ALL-UNNAMED --add-opens=java.prefs/java.util.prefs=ALL-UNNAMED --add-opens=java.base/java.nio.charset=ALL-UNNAMED --add-opens=java.base/java.net=ALL-UNNAMED --add-opens=java.base/java.util.concurrent.atomic=ALL-UNNAMED --add-opens=java.xml/javax.xml.namespace=ALL-UNNAMED -XX:MaxMetaspaceSize=4G -XX:ReservedCodeCacheSize=512m -XX:+HeapDumpOnOutOfMemoryError -Xmx8G -Dfile.encoding=UTF-8 -Duser.country=IN -Duser.language=en -Duser.variant -javaagent:C:\Users\MUKHTAR SAYYED\.gradle\wrapper\dists\gradle-8.14-all\c2qonpi39x1mddn7hk5gh9iqj\gradle-8.14\lib\agents\gradle-instrumentation-agent-8.14.jar 
java_command: org.gradle.launcher.daemon.bootstrap.GradleDaemon 8.14
java_class_path (initial): C:\Users\MUKHTAR SAYYED\.gradle\wrapper\dists\gradle-8.14-all\c2qonpi39x1mddn7hk5gh9iqj\gradle-8.14\lib\gradle-daemon-main-8.14.jar
Launcher Type: SUN_STANDARD

[Global flags]
     intx CICompilerCount                          = 4                                         {product} {ergonomic}
     uint ConcGCThreads                            = 2                                         {product} {ergonomic}
     uint G1ConcRefinementThreads                  = 8                                         {product} {ergonomic}
   size_t G1HeapRegionSize                         = 4194304                                   {product} {ergonomic}
    uintx GCDrainStackTargetSize                   = 64                                        {product} {ergonomic}
     bool HeapDumpOnOutOfMemoryError               = true                                   {manageable} {command line}
   size_t InitialHeapSize                          = 121634816                                 {product} {ergonomic}
   size_t MarkStackSize                            = 4194304                                   {product} {ergonomic}
   size_t MaxHeapSize                              = 8589934592                                {product} {command line}
   size_t MaxMetaspaceSize                         = 4294967296                                {product} {command line}
   size_t MaxNewSize                               = 5150605312                                {product} {ergonomic}
   size_t MinHeapDeltaBytes                        = 4194304                                   {product} {ergonomic}
   size_t MinHeapSize                              = 8388608                                   {product} {ergonomic}
    uintx NonNMethodCodeHeapSize                   = 5839372                                {pd product} {ergonomic}
    uintx NonProfiledCodeHeapSize                  = 265515770                              {pd product} {ergonomic}
    uintx ProfiledCodeHeapSize                     = 265515770                              {pd product} {ergonomic}
    uintx ReservedCodeCacheSize                    = 536870912                              {pd product} {command line}
     bool SegmentedCodeCache                       = true                                      {product} {ergonomic}
   size_t SoftMaxHeapSize                          = 8589934592                             {manageable} {ergonomic}
     bool UseCompressedOops                        = true                           {product lp64_product} {ergonomic}
     bool UseG1GC                                  = true                                      {product} {ergonomic}
     bool UseLargePagesIndividualAllocation        = false                                  {pd product} {ergonomic}

Logging:
Log output configuration:
 #0: stdout all=warning uptime,level,tags foldmultilines=false
 #1: stderr all=off uptime,level,tags foldmultilines=false

Release file:
JAVA_VERSION="21.0.10" 
MODULES="java.base java.compiler java.datatransfer java.xml java.prefs java.desktop java.instrument java.logging java.management java.security.sasl java.naming java.rmi java.management.rmi java.net.http java.scripting java.security.jgss java.transaction.xa java.sql java.sql.rowset java.xml.crypto java.se java.smartcardio jdk.accessibility jdk.internal.jvmstat jdk.attach jdk.charsets jdk.internal.opt jdk.zipfs jdk.compiler jdk.crypto.ec jdk.crypto.cryptoki jdk.crypto.mscapi jdk.dynalink jdk.internal.ed jdk.editpad jdk.hotspot.agent jdk.httpserver jdk.internal.le jdk.internal.vm.ci jdk.internal.vm.compiler jdk.internal.vm.compiler.management jdk.jartool jdk.javadoc jdk.jcmd jdk.management jdk.management.agent jdk.jconsole jdk.jdeps jdk.jdwp.agent jdk.jdi jdk.jfr jdk.jshell jdk.jsobject jdk.jstatd jdk.localedata jdk.management.jfr jdk.naming.dns jdk.naming.rmi jdk.net jdk.nio.mapmode jdk.random jdk.sctp jdk.security.auth jdk.security.jgss jdk.unsupported jdk.unsupported.desktop jdk.xml.dom" 

Environment Variables:
JAVA_HOME=C:\Program Files\Microsoft\jdk-17.0.17.10-hotspot
PATH=C:\Users\MUKHTAR SAYYED\AppData\Local\Programs\Microsoft VS Code;C:\Program Files\Microsoft\jdk-17.0.17.10-hotspot\bin;C:\Program Files\Python314\Scripts\;C:\Program Files\Python314\;C:\Program Files\Common Files\Oracle\Java\javapath;C:\WINDOWS\system32;C:\WINDOWS;C:\WINDOWS\System32\Wbem;C:\WINDOWS\System32\WindowsPowerShell\v1.0\;C:\WINDOWS\System32\OpenSSH\;C:\ProgramData\chocolatey\bin;C:\Users\MUKHTAR SAYYED\Downloads\mongosh-2.5.6-win32-x64\mongosh-2.5.6-win32-x64\bin;C:\Program Files\MongoDB\Server\8.0\bin;C:\Program Files\Git\cmd;C:\Users\MUKHTAR SAYYED\AppData\Local\nvm;C:\nvm4w\nodejs;C:\Program Files\dotnet\;C:\Program Files\Docker\Docker\resources\bin;C:\Users\MUKHTAR SAYYED\AppData\Local\Programs\Python\Python312\Scripts\;C:\Users\MUKHTAR SAYYED\AppData\Local\Programs\Python\Python312\;C:\Users\MUKHTAR SAYYED\AppData\Local\Programs\Python\Launcher\;C:\Users\MUKHTAR SAYYED\AppData\Local\Programs\Python\Python313\;C:\Users\MUKHTAR SAYYED\AppData\Local\Programs\Python\Python313\Scripts\;C:\Users\MUKHTAR SAYYED\AppData\Local\Programs\Python\Python313\;C:\Users\MUKHTAR SAYYED\AppData\Local\Microsoft\WindowsApps;C:\Users\MUKHTAR SAYYED\AppData\Local\Programs\Microsoft VS Code\bin;C:\Users\MUKHTAR SAYYED\AppData\Local\GitHubDesktop\bin;C:\Users\MUKHTAR SAYYED\.lmstudio\bin;C:\Users\MUKHTAR SAYYED\AppData\Local\Programs\mongosh\;C:\Users\MUKHTAR SAYYED\AppData\Local\Microsoft\WinGet\Packages\astral-sh.uv_Microsoft.Winget.Source_8wekyb3d8bbwe;C:\Users\MUKHTAR SAYYED\AppData\Local\Android\Sdk\platform-tools;C:\Users\MUKHTAR SAYYED\AppData\Local\Android\Sdk;C:\Users\MUKHTAR SAYYED\AppData\Local\nvm;C:\nvm4w\nodejs;C:\tools\dart-sdk\bin;C:\Users\MUKHTAR SAYYED\AppData\Local\Pub\Cache\bin;C:\Users\MUKHTAR SAYYED\flutter\bin;C:\Users\MUKHTAR SAYYED\.dotnet\tools
USERNAME=MUKHTAR SAYYED
OS=Windows_NT
PROCESSOR_IDENTIFIER=AMD64 Family 23 Model 160 Stepping 0, AuthenticAMD
TMP=C:\Users\MUKHTA~1\AppData\Local\Temp
TEMP=C:\Users\MUKHTA~1\AppData\Local\Temp




Periodic native trim disabled

---------------  S Y S T E M  ---------------

OS:
 Windows 11 , 64 bit Build 26100 (10.0.26100.7920)
OS uptime: 0 days 20:38 hours
Hyper-V role detected

CPU: total 8 (initial active 8) (8 cores per cpu, 2 threads per core) family 23 model 160 stepping 0 microcode 0x8a00009, cx8, cmov, fxsr, ht, mmx, 3dnowpref, sse, sse2, sse3, ssse3, sse4a, sse4.1, sse4.2, popcnt, lzcnt, tsc, tscinvbit, avx, avx2, aes, clmul, bmi1, bmi2, adx, sha, fma, vzeroupper, clflush, clflushopt, hv, rdtscp, rdpid, f16c
Processor Information for the first 8 processors :
  Max Mhz: 2801, Current Mhz: 2801, Mhz Limit: 2801

Memory: 4k page, system-wide physical 7418M (619M free)
TotalPageFile size 29946M (AvailPageFile size 12M)
current process WorkingSet (physical memory assigned to process): 239M, peak: 254M
current process commit charge ("private bytes"): 334M, peak: 346M

vm_info: OpenJDK 64-Bit Server VM (21.0.10+7-LTS) for windows-amd64 JRE (21.0.10+7-LTS), built on 2026-01-20T00:00:00Z by "admin" with MS VC++ 17.12 (VS2022)

END.
